2026-02-19 12:34:34 [main] INFO  in.sp.main.OmBankRestfulWebServicesApplication - Starting OmBankRestfulWebServicesApplication using Java 21.0.6 with PID 10940 (C:\Users\omkarsontakke\Downloads\OmBankingApplication-main\OmBankingApplication-main\OmBankRestfulWebServices\target\classes started by omkarsontakke in C:\Users\omkarsontakke\Downloads\OmBankingApplication-main\OmBankingApplication-main\OmBankRestfulWebServices)
2026-02-19 12:34:34 [main] INFO  in.sp.main.OmBankRestfulWebServicesApplication - The following 1 profile is active: "dev"
2026-02-19 12:34:35 [main] INFO  org.springframework.data.repository.config.RepositoryConfigurationDelegate - Bootstrapping Spring Data JPA repositories in DEFAULT mode.
2026-02-19 12:34:35 [main] INFO  org.springframework.data.repository.config.RepositoryConfigurationDelegate - Finished Spring Data repository scanning in 68 ms. Found 3 JPA repository interfaces.
2026-02-19 12:34:36 [main] INFO  org.springframework.boot.web.embedded.tomcat.TomcatWebServer - Tomcat initialized with port 8080 (http)
2026-02-19 12:34:36 [main] INFO  org.apache.coyote.http11.Http11NioProtocol - Initializing ProtocolHandler ["http-nio-8080"]
2026-02-19 12:34:36 [main] INFO  org.apache.catalina.core.StandardService - Starting service [Tomcat]
2026-02-19 12:34:36 [main] INFO  org.apache.catalina.core.StandardEngine - Starting Servlet engine: [Apache Tomcat/10.1.31]
2026-02-19 12:34:36 [main] INFO  org.apache.catalina.core.ContainerBase.[Tomcat].[localhost].[/] - Initializing Spring embedded WebApplicationContext
2026-02-19 12:34:36 [main] INFO  org.springframework.boot.web.servlet.context.ServletWebServerApplicationContext - Root WebApplicationContext: initialization completed in 1612 ms
2026-02-19 12:34:36 [main] INFO  org.hibernate.jpa.internal.util.LogHelper - HHH000204: Processing PersistenceUnitInfo [name: default]
2026-02-19 12:34:36 [main] INFO  org.hibernate.Version - HHH000412: Hibernate ORM core version 6.5.3.Final
2026-02-19 12:34:36 [main] INFO  org.hibernate.cache.internal.RegionFactoryInitiator - HHH000026: Second-level cache disabled
2026-02-19 12:34:36 [main] INFO  org.springframework.orm.jpa.persistenceunit.SpringPersistenceUnitInfo - No LoadTimeWeaver setup: ignoring JPA class transformer
2026-02-19 12:34:36 [main] INFO  com.zaxxer.hikari.HikariDataSource - HikariPool-1 - Starting...
2026-02-19 12:34:37 [main] INFO  com.zaxxer.hikari.pool.HikariPool - HikariPool-1 - Added connection com.mysql.cj.jdbc.ConnectionImpl@63c4d16
2026-02-19 12:34:37 [main] INFO  com.zaxxer.hikari.HikariDataSource - HikariPool-1 - Start completed.
2026-02-19 12:34:38 [main] INFO  org.hibernate.engine.transaction.jta.platform.internal.JtaPlatformInitiator - HHH000489: No JTA platform available (set 'hibernate.transaction.jta.platform' to enable JTA platform integration)
2026-02-19 12:34:38 [main] INFO  org.springframework.orm.jpa.LocalContainerEntityManagerFactoryBean - Initialized JPA EntityManagerFactory for persistence unit 'default'
2026-02-19 12:34:38 [main] INFO  org.springframework.data.jpa.repository.query.QueryEnhancerFactory - Hibernate is in classpath; If applicable, HQL parser will be used.
2026-02-19 12:34:39 [main] WARN  org.springframework.boot.autoconfigure.orm.jpa.JpaBaseConfiguration$JpaWebConfiguration - spring.jpa.open-in-view is enabled by default. Therefore, database queries may be performed during view rendering. Explicitly configure spring.jpa.open-in-view to disable this warning
2026-02-19 12:34:39 [main] WARN  org.springframework.security.config.annotation.authentication.configuration.InitializeUserDetailsBeanManagerConfigurer$InitializeUserDetailsManagerConfigurer - Found 2 UserDetailsService beans, with names [customeUserDetailsService, userDetailsService]. Global Authentication Manager will not use a UserDetailsService for username/password login. Consider publishing a single UserDetailsService bean.
2026-02-19 12:34:39 [main] INFO  org.apache.coyote.http11.Http11NioProtocol - Starting ProtocolHandler ["http-nio-8080"]
2026-02-19 12:34:39 [main] INFO  org.springframework.boot.web.embedded.tomcat.TomcatWebServer - Tomcat started on port 8080 (http) with context path '/'
2026-02-19 12:34:40 [main] INFO  in.sp.main.OmBankRestfulWebServicesApplication - Started OmBankRestfulWebServicesApplication in 5.9 seconds (process running for 7.02)
2026-02-19 12:35:12 [http-nio-8080-exec-2] INFO  org.apache.catalina.core.ContainerBase.[Tomcat].[localhost].[/] - Initializing Spring DispatcherServlet 'dispatcherServlet'
2026-02-19 12:35:12 [http-nio-8080-exec-2] INFO  org.springframework.web.servlet.DispatcherServlet - Initializing Servlet 'dispatcherServlet'
2026-02-19 12:35:12 [http-nio-8080-exec-2] INFO  org.springframework.web.servlet.DispatcherServlet - Completed initialization in 5 ms
2026-02-19 12:35:12 [http-nio-8080-exec-2] INFO  in.sp.main.controllers.AccountController - Inside get account details by id API
2026-02-19 12:35:12 [http-nio-8080-exec-2] INFO  in.sp.main.services.AccountServiceImplementation - Inside account by id method
2026-02-19 12:35:12 [http-nio-8080-exec-2] INFO  in.sp.main.services.AccountServiceImplementation - Validating customer for id : 22
2026-02-19 12:35:12 [http-nio-8080-exec-2] INFO  in.sp.main.services.AccountServiceImplementation - Customer not exist for the id: 22
2026-02-19 12:35:17 [http-nio-8080-exec-3] INFO  in.sp.main.controllers.AccountController - Inside get account details by id API
2026-02-19 12:35:17 [http-nio-8080-exec-3] INFO  in.sp.main.services.AccountServiceImplementation - Inside account by id method
2026-02-19 12:35:17 [http-nio-8080-exec-3] INFO  in.sp.main.services.AccountServiceImplementation - Validating customer for id : 22
2026-02-19 12:35:17 [http-nio-8080-exec-3] INFO  in.sp.main.services.AccountServiceImplementation - Customer not exist for the id: 22
2026-02-19 12:35:18 [http-nio-8080-exec-4] INFO  in.sp.main.controllers.AccountController - Inside get account details by id API
2026-02-19 12:35:18 [http-nio-8080-exec-4] INFO  in.sp.main.services.AccountServiceImplementation - Inside account by id method
2026-02-19 12:35:18 [http-nio-8080-exec-4] INFO  in.sp.main.services.AccountServiceImplementation - Validating customer for id : 22
2026-02-19 12:35:18 [http-nio-8080-exec-4] INFO  in.sp.main.services.AccountServiceImplementation - Customer not exist for the id: 22
2026-02-19 12:35:19 [http-nio-8080-exec-5] INFO  in.sp.main.controllers.AccountController - Inside get account details by id API
2026-02-19 12:35:19 [http-nio-8080-exec-5] INFO  in.sp.main.services.AccountServiceImplementation - Inside account by id method
2026-02-19 12:35:19 [http-nio-8080-exec-5] INFO  in.sp.main.services.AccountServiceImplementation - Validating customer for id : 22
2026-02-19 12:35:19 [http-nio-8080-exec-5] INFO  in.sp.main.services.AccountServiceImplementation - Customer not exist for the id: 22
2026-02-19 12:35:20 [http-nio-8080-exec-6] INFO  in.sp.main.controllers.AccountController - Inside get account details by id API
2026-02-19 12:35:20 [http-nio-8080-exec-6] INFO  in.sp.main.services.AccountServiceImplementation - Inside account by id method
2026-02-19 12:35:20 [http-nio-8080-exec-6] INFO  in.sp.main.services.AccountServiceImplementation - Validating customer for id : 22
2026-02-19 12:35:20 [http-nio-8080-exec-6] INFO  in.sp.main.services.AccountServiceImplementation - Customer not exist for the id: 22
2026-02-19 12:35:21 [http-nio-8080-exec-7] INFO  in.sp.main.controllers.AccountController - Inside get account details by id API
2026-02-19 12:35:21 [http-nio-8080-exec-7] INFO  in.sp.main.services.AccountServiceImplementation - Inside account by id method
2026-02-19 12:35:21 [http-nio-8080-exec-7] INFO  in.sp.main.services.AccountServiceImplementation - Validating customer for id : 22
2026-02-19 12:35:21 [http-nio-8080-exec-7] INFO  in.sp.main.services.AccountServiceImplementation - Customer not exist for the id: 22
2026-02-19 12:35:22 [http-nio-8080-exec-8] INFO  in.sp.main.controllers.AccountController - Inside get account details by id API
2026-02-19 12:35:22 [http-nio-8080-exec-8] INFO  in.sp.main.services.AccountServiceImplementation - Inside account by id method
2026-02-19 12:35:22 [http-nio-8080-exec-8] INFO  in.sp.main.services.AccountServiceImplementation - Validating customer for id : 22
2026-02-19 12:35:22 [http-nio-8080-exec-8] INFO  in.sp.main.services.AccountServiceImplementation - Customer not exist for the id: 22
2026-02-19 12:35:23 [http-nio-8080-exec-9] INFO  in.sp.main.controllers.AccountController - Inside get account details by id API
2026-02-19 12:35:23 [http-nio-8080-exec-9] INFO  in.sp.main.services.AccountServiceImplementation - Inside account by id method
2026-02-19 12:35:23 [http-nio-8080-exec-9] INFO  in.sp.main.services.AccountServiceImplementation - Validating customer for id : 22
2026-02-19 12:35:23 [http-nio-8080-exec-9] INFO  in.sp.main.services.AccountServiceImplementation - Customer not exist for the id: 22
2026-02-19 12:35:30 [http-nio-8080-exec-10] INFO  in.sp.main.controllers.AccountController - Inside get account details by id API
2026-02-19 12:35:30 [http-nio-8080-exec-10] INFO  in.sp.main.services.AccountServiceImplementation - Inside account by id method
2026-02-19 12:35:30 [http-nio-8080-exec-10] INFO  in.sp.main.services.AccountServiceImplementation - Validating customer for id : 2
2026-02-19 12:35:30 [http-nio-8080-exec-10] INFO  in.sp.main.services.AccountServiceImplementation - Customer not exist for the id: 2
2026-02-19 12:37:28 [http-nio-8080-exec-3] INFO  in.sp.main.controllers.AccountController - Inside get account details by id API
2026-02-19 12:37:28 [http-nio-8080-exec-3] INFO  in.sp.main.services.AccountServiceImplementation - Inside account by id method
2026-02-19 12:37:28 [http-nio-8080-exec-3] INFO  in.sp.main.services.AccountServiceImplementation - Validating customer for id : 5
2026-02-19 12:37:28 [http-nio-8080-exec-3] INFO  in.sp.main.services.AccountServiceImplementation - Customer id: 5 validate successfully.
2026-02-19 14:01:10 [HikariPool-1 housekeeper] WARN  com.zaxxer.hikari.pool.HikariPool - HikariPool-1 - Thread starvation or clock leap detected (housekeeper delta=18m1s917ms186µs99ns).
2026-02-19 14:32:53 [HikariPool-1 housekeeper] WARN  com.zaxxer.hikari.pool.HikariPool - HikariPool-1 - Thread starvation or clock leap detected (housekeeper delta=2m12s907ms155µs499ns).
2026-02-19 14:36:53 [http-nio-8080-exec-5] INFO  in.sp.main.controllers.AccountController - Inside get account details by id API
2026-02-19 14:36:53 [http-nio-8080-exec-5] INFO  in.sp.main.services.AccountServiceImplementation - Inside account by id method
2026-02-19 14:36:53 [http-nio-8080-exec-5] INFO  in.sp.main.services.AccountServiceImplementation - Validating customer for id : 5
2026-02-19 14:36:53 [http-nio-8080-exec-5] INFO  in.sp.main.services.AccountServiceImplementation - Customer id: 5 validate successfully.
2026-02-19 14:36:55 [http-nio-8080-exec-7] INFO  in.sp.main.controllers.AccountController - Inside get account details by id API
2026-02-19 14:36:55 [http-nio-8080-exec-7] INFO  in.sp.main.services.AccountServiceImplementation - Inside account by id method
2026-02-19 14:36:55 [http-nio-8080-exec-7] INFO  in.sp.main.services.AccountServiceImplementation - Validating customer for id : 5
2026-02-19 14:36:55 [http-nio-8080-exec-7] INFO  in.sp.main.services.AccountServiceImplementation - Customer id: 5 validate successfully.
2026-02-19 14:39:06 [SpringApplicationShutdownHook] INFO  org.springframework.orm.jpa.LocalContainerEntityManagerFactoryBean - Closing JPA EntityManagerFactory for persistence unit 'default'
2026-02-19 14:39:06 [SpringApplicationShutdownHook] INFO  com.zaxxer.hikari.HikariDataSource - HikariPool-1 - Shutdown initiated...
2026-02-19 14:39:06 [SpringApplicationShutdownHook] INFO  com.zaxxer.hikari.HikariDataSource - HikariPool-1 - Shutdown completed.
